{"timestamp":"2026-02-12T00:00:02.170606Z","level":"info","event":"DAG bundles loaded: dags-folder, example_dags","logger":"airflow.dag_processing.bundles.manager.DagBundlesManager","filename":"manager.py","lineno":179}
{"timestamp":"2026-02-12T00:00:02.171526Z","level":"info","event":"Filling up the DagBag from /opt/airflow/dags/weather_dag.py","logger":"airflow.models.dagbag.BundleDagBag","filename":"dagbag.py","lineno":593}
{"timestamp":"2026-02-12T00:00:02.195823Z","level":"info","event":"→ Conectando em host.docker.internal:5432/pipeline_weather","logger":"root","filename":"load_data.py","lineno":20}
{"timestamp":"2026-02-12T00:00:02.207254Z","level":"warning","event":"The `airflow.decorators.dag` attribute is deprecated. Please use `'airflow.sdk.dag'`.","category":"DeprecatedImportWarning","filename":"/opt/airflow/dags/weather_dag.py","lineno":2,"logger":"py.warnings"}
{"timestamp":"2026-02-12T00:00:02.207474Z","level":"warning","event":"The `airflow.decorators.task` attribute is deprecated. Please use `'airflow.sdk.task'`.","category":"DeprecatedImportWarning","filename":"/opt/airflow/dags/weather_dag.py","lineno":2,"logger":"py.warnings"}
{"timestamp":"2026-02-12T00:00:02.228412Z","level":"info","event":"Task instance is in running state","logger":"task.stdout"}
{"timestamp":"2026-02-12T00:00:02.228650Z","level":"info","event":" Previous state of the Task instance: TaskInstanceState.QUEUED","logger":"task.stdout"}
{"timestamp":"2026-02-12T00:00:02.228813Z","level":"info","event":"Current task name:transform","logger":"task.stdout"}
{"timestamp":"2026-02-12T00:00:02.228914Z","level":"info","event":"Dag name:weather_dag","logger":"task.stdout"}
{"timestamp":"2026-02-12T00:00:02.230335Z","level":"info","event":"","logger":"task.stdout"}
{"timestamp":"2026-02-12T00:00:02.230520Z","level":"info","event":" Iniciando transformações","logger":"task.stdout"}
{"timestamp":"2026-02-12T00:00:02.230406Z","level":"info","event":"Carregando dados do arquivo: /opt/airflow/data/weather_data.json","logger":"root","filename":"transform_data.py","lineno":42}
{"timestamp":"2026-02-12T00:00:02.232390Z","level":"info","event":"DataFrame criado com 1 registros e 26 colunas.","logger":"root","filename":"transform_data.py","lineno":53}
{"timestamp":"2026-02-12T00:00:02.235482Z","level":"info","event":"\nColuna 'weather' normalizada - 30 colunas","logger":"root","filename":"transform_data.py","lineno":68}
{"timestamp":"2026-02-12T00:00:02.235700Z","level":"info","event":"\n→ Removendo colunas: ['weather', 'weather_icon', 'sys.type']","logger":"root","filename":"transform_data.py","lineno":72}
{"timestamp":"2026-02-12T00:00:02.236696Z","level":"info","event":"Colunas removidas - 27 colunas restantes","logger":"root","filename":"transform_data.py","lineno":74}
{"timestamp":"2026-02-12T00:00:02.236872Z","level":"info","event":"\n→ Renomeando 26 colunas...","logger":"root","filename":"transform_data.py","lineno":78}
{"timestamp":"2026-02-12T00:00:02.237462Z","level":"info","event":"Colunas renomeadas","logger":"root","filename":"transform_data.py","lineno":80}
{"timestamp":"2026-02-12T00:00:02.237618Z","level":"info","event":"\n→ Convertendo colunas para datetime: ['datetime', 'sunrise', 'sunset']","logger":"root","filename":"transform_data.py","lineno":84}
{"timestamp":"2026-02-12T00:00:02.242814Z","level":"info","event":"Colunas convertidas para datetime\n","logger":"root","filename":"transform_data.py","lineno":87}
{"timestamp":"2026-02-12T00:00:02.243080Z","level":"info","event":"Transformações concluídas\n","logger":"root","filename":"transform_data.py","lineno":97}
{"timestamp":"2026-02-12T00:00:02.263819Z","level":"info","event":"Done. Returned value was: None","logger":"airflow.task.operators.airflow.providers.standard.decorators.python._PythonDecoratedOperator","filename":"python.py","lineno":230}
{"timestamp":"2026-02-12T00:00:02.282939Z","level":"info","event":"Task instance in success state","logger":"task.stdout"}
{"timestamp":"2026-02-12T00:00:02.283200Z","level":"info","event":" Previous state of the Task instance: TaskInstanceState.RUNNING","logger":"task.stdout"}
{"timestamp":"2026-02-12T00:00:02.283955Z","level":"info","event":"Task operator:<Task(_PythonDecoratedOperator): transform>","logger":"task.stdout"}
