{"timestamp":"2026-02-11T23:49:50.824739Z","level":"info","event":"DAG bundles loaded: dags-folder, example_dags","logger":"airflow.dag_processing.bundles.manager.DagBundlesManager","filename":"manager.py","lineno":179}
{"timestamp":"2026-02-11T23:49:50.827079Z","level":"info","event":"Filling up the DagBag from /opt/airflow/dags/weather_dag.py","logger":"airflow.models.dagbag.BundleDagBag","filename":"dagbag.py","lineno":593}
{"timestamp":"2026-02-11T23:49:50.854129Z","level":"info","event":"→ Conectando em host.docker.internal:5432/pipeline_weather","logger":"root","filename":"load_data.py","lineno":20}
{"timestamp":"2026-02-11T23:49:50.864814Z","level":"warning","event":"The `airflow.decorators.dag` attribute is deprecated. Please use `'airflow.sdk.dag'`.","category":"DeprecatedImportWarning","filename":"/opt/airflow/dags/weather_dag.py","lineno":2,"logger":"py.warnings"}
{"timestamp":"2026-02-11T23:49:50.864991Z","level":"warning","event":"The `airflow.decorators.task` attribute is deprecated. Please use `'airflow.sdk.task'`.","category":"DeprecatedImportWarning","filename":"/opt/airflow/dags/weather_dag.py","lineno":2,"logger":"py.warnings"}
{"timestamp":"2026-02-11T23:49:50.910143Z","level":"info","event":"Task instance is in running state","logger":"task.stdout"}
{"timestamp":"2026-02-11T23:49:50.910415Z","level":"info","event":" Previous state of the Task instance: TaskInstanceState.QUEUED","logger":"task.stdout"}
{"timestamp":"2026-02-11T23:49:50.910803Z","level":"info","event":"Current task name:transform","logger":"task.stdout"}
{"timestamp":"2026-02-11T23:49:50.910933Z","level":"info","event":"Dag name:weather_dag","logger":"task.stdout"}
{"timestamp":"2026-02-11T23:49:50.912764Z","level":"info","event":"","logger":"task.stdout"}
{"timestamp":"2026-02-11T23:49:50.912987Z","level":"info","event":" Iniciando transformações","logger":"task.stdout"}
{"timestamp":"2026-02-11T23:49:50.912841Z","level":"info","event":"Carregando dados do arquivo: /opt/airflow/data/weather_data.json","logger":"root","filename":"transform_data.py","lineno":42}
{"timestamp":"2026-02-11T23:49:50.915169Z","level":"info","event":"DataFrame criado com 1 registros e 26 colunas.","logger":"root","filename":"transform_data.py","lineno":53}
{"timestamp":"2026-02-11T23:49:50.918286Z","level":"info","event":"\nColuna 'weather' normalizada - 30 colunas","logger":"root","filename":"transform_data.py","lineno":68}
{"timestamp":"2026-02-11T23:49:50.918549Z","level":"info","event":"\n→ Removendo colunas: ['weather', 'weather_icon', 'sys.type']","logger":"root","filename":"transform_data.py","lineno":72}
{"timestamp":"2026-02-11T23:49:50.919786Z","level":"info","event":"Colunas removidas - 27 colunas restantes","logger":"root","filename":"transform_data.py","lineno":74}
{"timestamp":"2026-02-11T23:49:50.920006Z","level":"info","event":"\n→ Renomeando 26 colunas...","logger":"root","filename":"transform_data.py","lineno":78}
{"timestamp":"2026-02-11T23:49:50.920766Z","level":"info","event":"Colunas renomeadas","logger":"root","filename":"transform_data.py","lineno":80}
{"timestamp":"2026-02-11T23:49:50.920978Z","level":"info","event":"\n→ Convertendo colunas para datetime: ['datetime', 'sunrise', 'sunset']","logger":"root","filename":"transform_data.py","lineno":84}
{"timestamp":"2026-02-11T23:49:50.944890Z","level":"info","event":"Colunas convertidas para datetime\n","logger":"root","filename":"transform_data.py","lineno":87}
{"timestamp":"2026-02-11T23:49:50.945144Z","level":"info","event":"Transformações concluídas\n","logger":"root","filename":"transform_data.py","lineno":97}
{"timestamp":"2026-02-11T23:49:50.979668Z","level":"info","event":"Done. Returned value was: None","logger":"airflow.task.operators.airflow.providers.standard.decorators.python._PythonDecoratedOperator","filename":"python.py","lineno":230}
{"timestamp":"2026-02-11T23:49:51.023217Z","level":"info","event":"Task instance in success state","logger":"task.stdout"}
{"timestamp":"2026-02-11T23:49:51.023419Z","level":"info","event":" Previous state of the Task instance: TaskInstanceState.RUNNING","logger":"task.stdout"}
{"timestamp":"2026-02-11T23:49:51.023611Z","level":"info","event":"Task operator:<Task(_PythonDecoratedOperator): transform>","logger":"task.stdout"}
